[debug] [2022-08-14T16:56:50.726Z] ----------------------------------------------------------------------
[debug] [2022-08-14T16:56:50.729Z] Command:       /usr/bin/node /usr/bin/firebase deploy
[debug] [2022-08-14T16:56:50.730Z] CLI Version:   10.6.0
[debug] [2022-08-14T16:56:50.730Z] Platform:      linux
[debug] [2022-08-14T16:56:50.730Z] Node Version:  v16.16.0
[debug] [2022-08-14T16:56:50.731Z] Time:          Sun Aug 14 2022 22:56:50 GMT+0600 (Bangladesh Standard Time)
[debug] [2022-08-14T16:56:50.731Z] ----------------------------------------------------------------------
[debug] 
[debug] [2022-08-14T16:56:50.827Z] > command requires scopes: ["email","openid","https://www.googleapis.com/auth/cloudplatformprojects.readonly","https://www.googleapis.com/auth/firebase","https://www.googleapis.com/auth/cloud-platform"]
[debug] [2022-08-14T16:56:50.828Z] > authorizing via signed-in user (mroy35034@gmail.com)
[debug] [2022-08-14T16:56:50.828Z] [iam] checking project woo-com-ea61f for permissions ["firebase.projects.get","firebasehosting.sites.update"]
[debug] [2022-08-14T16:56:50.832Z] >>> [apiv2][query] POST https://cloudresourcemanager.googleapis.com/v1/projects/woo-com-ea61f:testIamPermissions [none]
[debug] [2022-08-14T16:56:50.832Z] >>> [apiv2][body] POST https://cloudresourcemanager.googleapis.com/v1/projects/woo-com-ea61f:testIamPermissions {"permissions":["firebase.projects.get","firebasehosting.sites.update"]}
[debug] [2022-08-14T16:56:52.344Z] <<< [apiv2][status] POST https://cloudresourcemanager.googleapis.com/v1/projects/woo-com-ea61f:testIamPermissions 200
[debug] [2022-08-14T16:56:52.345Z] <<< [apiv2][body] POST https://cloudresourcemanager.googleapis.com/v1/projects/woo-com-ea61f:testIamPermissions {"permissions":["firebase.projects.get","firebasehosting.sites.update"]}
[debug] [2022-08-14T16:56:52.347Z] >>> [apiv2][query] GET https://firebase.googleapis.com/v1beta1/projects/woo-com-ea61f [none]
[debug] [2022-08-14T16:56:53.150Z] <<< [apiv2][status] GET https://firebase.googleapis.com/v1beta1/projects/woo-com-ea61f 200
[debug] [2022-08-14T16:56:53.151Z] <<< [apiv2][body] GET https://firebase.googleapis.com/v1beta1/projects/woo-com-ea61f {"projectId":"woo-com-ea61f","projectNumber":"585146996608","displayName":"woo-com","name":"projects/woo-com-ea61f","resources":{"hostingSite":"woo-com-ea61f"},"state":"ACTIVE","etag":"1_33fb6d20-202c-4921-b3a0-5f734ecbf3ec"}
[info] 
[info] === Deploying to 'woo-com-ea61f'...
[info] 
[info] i  deploying hosting 
[debug] [2022-08-14T16:56:53.155Z] >>> [apiv2][query] GET https://firebase.googleapis.com/v1beta1/projects/woo-com-ea61f [none]
[debug] [2022-08-14T16:57:23.159Z] Timeout reached making request to https://firebase.googleapis.com/v1beta1/projects/woo-com-ea61f
[debug] [2022-08-14T16:57:23.502Z] FirebaseError: Timeout reached making request to https://firebase.googleapis.com/v1beta1/projects/woo-com-ea61f
    at RetryOperation._fn (/usr/lib/node_modules/firebase-tools/lib/apiv2.js:236:35)
    at processTicksAndRejections (node:internal/process/task_queues:96:5)
[error] 
[error] Error: Failed to get Firebase project woo-com-ea61f. Please make sure the project exists and your account has permission to access it.
[debug] [2022-08-15T01:58:14.672Z] ----------------------------------------------------------------------
[debug] [2022-08-15T01:58:14.676Z] Command:       /usr/bin/node /usr/bin/firebase deploy
[debug] [2022-08-15T01:58:14.678Z] CLI Version:   10.6.0
[debug] [2022-08-15T01:58:14.678Z] Platform:      linux
[debug] [2022-08-15T01:58:14.678Z] Node Version:  v16.16.0
[debug] [2022-08-15T01:58:14.689Z] Time:          Mon Aug 15 2022 07:58:14 GMT+0600 (Bangladesh Standard Time)
[debug] [2022-08-15T01:58:14.690Z] ----------------------------------------------------------------------
[debug] 
[debug] [2022-08-15T01:58:14.698Z] >>> [apiv2][query] GET https://firebase-public.firebaseio.com/cli.json [none]
[debug] [2022-08-15T01:58:14.854Z] > command requires scopes: ["email","openid","https://www.googleapis.com/auth/cloudplatformprojects.readonly","https://www.googleapis.com/auth/firebase","https://www.googleapis.com/auth/cloud-platform"]
[debug] [2022-08-15T01:58:14.854Z] > authorizing via signed-in user (mroy35034@gmail.com)
[debug] [2022-08-15T01:58:14.855Z] [iam] checking project woo-com-ea61f for permissions ["firebase.projects.get","firebasehosting.sites.update"]
[debug] [2022-08-15T01:58:14.856Z] > refreshing access token with scopes: []
[debug] [2022-08-15T01:58:14.857Z] >>> HTTP REQUEST POST https://www.googleapis.com/oauth2/v3/token  
 <request body omitted>
[debug] [2022-08-15T01:58:15.232Z] <<< HTTP RESPONSE 200 {"pragma":"no-cache","date":"Mon, 15 Aug 2022 01:58:15 GMT","cache-control":"no-cache, no-store, max-age=0, must-revalidate","expires":"Mon, 01 Jan 1990 00:00:00 GMT","content-type":"application/json; charset=utf-8","vary":"X-Origin, Referer, Origin,Accept-Encoding","server":"scaffolding on HTTPServer2","x-xss-protection":"0","x-frame-options":"SAMEORIGIN","x-content-type-options":"nosniff","alt-svc":"h3=\":443\"; ma=2592000,h3-29=\":443\"; ma=2592000,h3-Q050=\":443\"; ma=2592000,h3-Q046=\":443\"; ma=2592000,h3-Q043=\":443\"; ma=2592000,quic=\":443\"; ma=2592000; v=\"46,43\"","accept-ranges":"none","transfer-encoding":"chunked"}
[debug] [2022-08-15T01:58:15.258Z] >>> [apiv2][query] POST https://cloudresourcemanager.googleapis.com/v1/projects/woo-com-ea61f:testIamPermissions [none]
[debug] [2022-08-15T01:58:15.258Z] >>> [apiv2][body] POST https://cloudresourcemanager.googleapis.com/v1/projects/woo-com-ea61f:testIamPermissions {"permissions":["firebase.projects.get","firebasehosting.sites.update"]}
[debug] [2022-08-15T01:58:15.711Z] <<< [apiv2][status] GET https://firebase-public.firebaseio.com/cli.json 200
[debug] [2022-08-15T01:58:15.712Z] <<< [apiv2][body] GET https://firebase-public.firebaseio.com/cli.json {"cloudBuildErrorAfter":1594252800000,"cloudBuildWarnAfter":1590019200000,"defaultNode10After":1594252800000,"minVersion":"3.0.5","node8DeploysDisabledAfter":1613390400000,"node8RuntimeDisabledAfter":1615809600000,"node8WarnAfter":1600128000000}
[debug] [2022-08-15T01:58:15.926Z] <<< [apiv2][status] POST https://cloudresourcemanager.googleapis.com/v1/projects/woo-com-ea61f:testIamPermissions 200
[debug] [2022-08-15T01:58:15.926Z] <<< [apiv2][body] POST https://cloudresourcemanager.googleapis.com/v1/projects/woo-com-ea61f:testIamPermissions {"permissions":["firebase.projects.get","firebasehosting.sites.update"]}
[debug] [2022-08-15T01:58:15.928Z] >>> [apiv2][query] GET https://firebase.googleapis.com/v1beta1/projects/woo-com-ea61f [none]
[debug] [2022-08-15T01:58:16.581Z] <<< [apiv2][status] GET https://firebase.googleapis.com/v1beta1/projects/woo-com-ea61f 200
[debug] [2022-08-15T01:58:16.582Z] <<< [apiv2][body] GET https://firebase.googleapis.com/v1beta1/projects/woo-com-ea61f {"projectId":"woo-com-ea61f","projectNumber":"585146996608","displayName":"woo-com","name":"projects/woo-com-ea61f","resources":{"hostingSite":"woo-com-ea61f"},"state":"ACTIVE","etag":"1_1bdc890f-1452-45fc-b142-71c86fe3b4fb"}
[info] 
[info] === Deploying to 'woo-com-ea61f'...
[info] 
[info] i  deploying hosting 
[debug] [2022-08-15T01:58:16.589Z] >>> [apiv2][query] GET https://firebase.googleapis.com/v1beta1/projects/woo-com-ea61f [none]
[debug] [2022-08-15T01:58:46.594Z] Timeout reached making request to https://firebase.googleapis.com/v1beta1/projects/woo-com-ea61f
[debug] [2022-08-15T01:58:47.030Z] FirebaseError: Timeout reached making request to https://firebase.googleapis.com/v1beta1/projects/woo-com-ea61f
    at RetryOperation._fn (/usr/lib/node_modules/firebase-tools/lib/apiv2.js:236:35)
    at processTicksAndRejections (node:internal/process/task_queues:96:5)
[error] 
[error] Error: Failed to get Firebase project woo-com-ea61f. Please make sure the project exists and your account has permission to access it.
